[debug] [2017-09-10T05:12:35.363Z] ----------------------------------------------------------------------
[debug] [2017-09-10T05:12:35.370Z] Command:       C:\Program Files\nodejs\node.exe C:\Program Files\nodejs\node_modules\firebase-tools\bin\firebase deploy
[debug] [2017-09-10T05:12:35.371Z] CLI Version:   3.10.1
[debug] [2017-09-10T05:12:35.371Z] Platform:      win32
[debug] [2017-09-10T05:12:35.372Z] Node Version:  v6.11.3
[debug] [2017-09-10T05:12:35.373Z] Time:          Sat Sep 09 2017 22:12:35 GMT-0700 (Pacific Daylight Time)
[debug] [2017-09-10T05:12:35.373Z] ----------------------------------------------------------------------
[debug] 
[debug] [2017-09-10T05:12:35.464Z] > command requires scopes: ["email","openid","https://www.googleapis.com/auth/cloudplatformprojects.readonly","https://www.googleapis.com/auth/firebase","https://www.googleapis.com/auth/cloud-platform"]
[debug] [2017-09-10T05:12:35.465Z] > authorizing via signed-in user
[debug] [2017-09-10T05:12:35.470Z] > refreshing access token with scopes: ["email","https://www.googleapis.com/auth/cloud-platform","https://www.googleapis.com/auth/cloudplatformprojects.readonly","https://www.googleapis.com/auth/firebase","openid"]
[debug] [2017-09-10T05:12:35.471Z] >>> HTTP REQUEST POST https://www.googleapis.com/oauth2/v3/token { refresh_token: '1/svewH1jX71M72vJoYOq-hIQEZtk8InckKd3Oe5TX84o',
  client_id: '563584335869-fgrhgmd47bqnekij5i8b5pr03ho849e6.apps.googleusercontent.com',
  client_secret: 'j9iVZfS8kkCEFUPaAeJV0sAi',
  grant_type: 'refresh_token',
  scope: 'email https://www.googleapis.com/auth/cloud-platform https://www.googleapis.com/auth/cloudplatformprojects.readonly https://www.googleapis.com/auth/firebase openid' } 
 Sat Sep 09 2017 22:12:35 GMT-0700 (Pacific Daylight Time)
[debug] [2017-09-10T05:12:35.733Z] <<< HTTP RESPONSE 200
[debug] [2017-09-10T05:12:35.800Z] >>> HTTP REQUEST GET https://admin.firebase.com/v1/projects/gomego-ae04a  
 Sat Sep 09 2017 22:12:35 GMT-0700 (Pacific Daylight Time)
[debug] [2017-09-10T05:12:36.383Z] <<< HTTP RESPONSE 200
[debug] [2017-09-10T05:12:36.386Z] >>> HTTP REQUEST GET https://admin.firebase.com/v1/database/gomego-ae04a/tokens  
 Sat Sep 09 2017 22:12:36 GMT-0700 (Pacific Daylight Time)
[debug] [2017-09-10T05:12:37.826Z] <<< HTTP RESPONSE 200
[info] 
[info] === Deploying to 'gomego-ae04a'...
[info] 
[info] i  deploying database, hosting
[info] +  database: rules ready to deploy.
[info] i  hosting: preparing www directory for upload...
[debug] [2017-09-10T05:12:38.951Z] >>> HTTP REQUEST PUT https://deploy.firebase.com/v1/hosting/gomego-ae04a/uploads/-KteC21OwdZlxfreU1Cq?fileCount=6&message=  
 Sat Sep 09 2017 22:12:38 GMT-0700 (Pacific Daylight Time)
